[0m16:07:54.776402 [debug] [MainThread]: Sending event: {'category': 'dbt', 'action': 'invocation', 'label': 'start', 'context': [<snowplow_tracker.self_describing_json.SelfDescribingJson object at 0x0000016A2E7467D0>, <snowplow_tracker.self_describing_json.SelfDescribingJson object at 0x0000016A2E743F90>, <snowplow_tracker.self_describing_json.SelfDescribingJson object at 0x0000016A2E747250>]}


============================== 16:07:54.783452 | 8c7f2aa3-4a47-45b9-91f7-5481bdfe8e44 ==============================
[0m16:07:54.783452 [info ] [MainThread]: Running with dbt=1.10.9
[0m16:07:54.785450 [debug] [MainThread]: running dbt with arguments {'partial_parse': 'True', 'static_parser': 'True', 'send_anonymous_usage_stats': 'True', 'version_check': 'True', 'cache_selected_only': 'False', 'target_path': 'None', 'use_colors': 'True', 'invocation_command': 'dbt init player_stats', 'log_format': 'default', 'warn_error': 'None', 'introspect': 'True', 'debug': 'False', 'log_cache_events': 'False', 'fail_fast': 'False', 'no_print': 'None', 'empty': 'None', 'quiet': 'False', 'use_experimental_parser': 'False', 'printer_width': '80', 'indirect_selection': 'eager', 'log_path': 'logs', 'write_json': 'True', 'warn_error_options': 'WarnErrorOptionsV2(error=[], warn=[], silence=[])', 'profiles_dir': 'C:\\Users\\gandj\\.dbt'}
[0m16:07:54.816583 [debug] [MainThread]: Starter project path: C:\Users\gandj\OneDrive\Desktop\Case_Study\Football\Transfers\Transfer_Target_Model\venv\Lib\site-packages\dbt\include\starter_project
[0m16:07:54.846344 [info ] [MainThread]: 
Your new dbt project "player_stats" was created!

For more information on how to configure the profiles.yml file,
please consult the dbt documentation here:

  https://docs.getdbt.com/docs/configure-your-profile

One more thing:

Need help? Don't hesitate to reach out to us via GitHub issues or on Slack:

  https://community.getdbt.com/

Happy modeling!

[0m16:07:54.848339 [info ] [MainThread]: Setting up your profile.
[0m16:08:09.406094 [debug] [MainThread]: Command `dbt init` succeeded at 16:08:09.405094 after 14.82 seconds
[0m16:08:09.406094 [debug] [MainThread]: Sending event: {'category': 'dbt', 'action': 'invocation', 'label': 'end', 'context': [<snowplow_tracker.self_describing_json.SelfDescribingJson object at 0x0000016A2783BD90>, <snowplow_tracker.self_describing_json.SelfDescribingJson object at 0x0000016A2783B950>, <snowplow_tracker.self_describing_json.SelfDescribingJson object at 0x0000016A2783BE10>]}
[0m16:08:09.407093 [debug] [MainThread]: Flushing usage events
[0m16:08:09.909252 [debug] [MainThread]: An error was encountered while trying to flush usage events
[0m17:15:52.311976 [debug] [MainThread]: Sending event: {'category': 'dbt', 'action': 'invocation', 'label': 'start', 'context': [<snowplow_tracker.self_describing_json.SelfDescribingJson object at 0x0000029EC2CDFE10>, <snowplow_tracker.self_describing_json.SelfDescribingJson object at 0x0000029EC2CDF910>, <snowplow_tracker.self_describing_json.SelfDescribingJson object at 0x0000029EC2CE0C90>]}


============================== 17:15:52.315974 | fb9103b6-a81a-43b0-b213-070e50695e87 ==============================
[0m17:15:52.315974 [info ] [MainThread]: Running with dbt=1.10.9
[0m17:15:52.316976 [debug] [MainThread]: running dbt with arguments {'partial_parse': 'True', 'warn_error_options': 'WarnErrorOptionsV2(error=[], warn=[], silence=[])', 'send_anonymous_usage_stats': 'True', 'warn_error': 'None', 'cache_selected_only': 'False', 'target_path': 'None', 'version_check': 'True', 'invocation_command': 'dbt debug', 'log_format': 'default', 'use_colors': 'True', 'introspect': 'True', 'debug': 'False', 'printer_width': '80', 'fail_fast': 'False', 'no_print': 'None', 'empty': 'None', 'quiet': 'False', 'use_experimental_parser': 'False', 'log_cache_events': 'False', 'indirect_selection': 'eager', 'log_path': 'logs', 'write_json': 'True', 'static_parser': 'True', 'profiles_dir': 'C:\\Users\\gandj\\.dbt'}
[0m17:15:52.343974 [info ] [MainThread]: dbt version: 1.10.9
[0m17:15:52.344975 [info ] [MainThread]: python version: 3.11.9
[0m17:15:52.344975 [info ] [MainThread]: python path: C:\Users\gandj\OneDrive\Desktop\Case_Study\Football\Transfers\Transfer_Target_Model\venv\Scripts\python.exe
[0m17:15:52.345976 [info ] [MainThread]: os info: Windows-10-10.0.26100-SP0
[0m17:15:52.350979 [info ] [MainThread]: Error importing adapter: No module named 'dbt.adapters.snowflake'
[0m17:15:52.414991 [info ] [MainThread]: Using profiles dir at C:\Users\gandj\.dbt
[0m17:15:52.415975 [info ] [MainThread]: Using profiles.yml file at C:\Users\gandj\.dbt\profiles.yml
[0m17:15:52.415975 [info ] [MainThread]: Using dbt_project.yml file at C:\Users\gandj\OneDrive\Desktop\Case_Study\Football\Transfers\Transfer_Target_Model\dbt_stats\dbt_project.yml
[0m17:15:52.416975 [info ] [MainThread]: Configuration:
[0m17:15:52.417975 [info ] [MainThread]:   profiles.yml file [[31mERROR invalid[0m]
[0m17:15:52.417975 [info ] [MainThread]:   dbt_project.yml file [[31mERROR not found[0m]
[0m17:15:52.418981 [info ] [MainThread]: Required dependencies:
[0m17:15:52.418981 [debug] [MainThread]: Executing "git --help"
[0m17:15:52.484330 [debug] [MainThread]: STDOUT: "b"usage: git [-v | --version] [-h | --help] [-C <path>] [-c <name>=<value>]\n           [--exec-path[=<path>]] [--html-path] [--man-path] [--info-path]\n           [-p | --paginate | -P | --no-pager] [--no-replace-objects] [--no-lazy-fetch]\n           [--no-optional-locks] [--no-advice] [--bare] [--git-dir=<path>]\n           [--work-tree=<path>] [--namespace=<name>] [--config-env=<name>=<envvar>]\n           <command> [<args>]\n\nThese are common Git commands used in various situations:\n\nstart a working area (see also: git help tutorial)\n   clone      Clone a repository into a new directory\n   init       Create an empty Git repository or reinitialize an existing one\n\nwork on the current change (see also: git help everyday)\n   add        Add file contents to the index\n   mv         Move or rename a file, a directory, or a symlink\n   restore    Restore working tree files\n   rm         Remove files from the working tree and from the index\n\nexamine the history and state (see also: git help revisions)\n   bisect     Use binary search to find the commit that introduced a bug\n   diff       Show changes between commits, commit and working tree, etc\n   grep       Print lines matching a pattern\n   log        Show commit logs\n   show       Show various types of objects\n   status     Show the working tree status\n\ngrow, mark and tweak your common history\n   backfill   Download missing objects in a partial clone\n   branch     List, create, or delete branches\n   commit     Record changes to the repository\n   merge      Join two or more development histories together\n   rebase     Reapply commits on top of another base tip\n   reset      Reset current HEAD to the specified state\n   switch     Switch branches\n   tag        Create, list, delete or verify a tag object signed with GPG\n\ncollaborate (see also: git help workflows)\n   fetch      Download objects and refs from another repository\n   pull       Fetch from and integrate with another repository or a local branch\n   push       Update remote refs along with associated objects\n\n'git help -a' and 'git help -g' list available subcommands and some\nconcept guides. See 'git help <command>' or 'git help <concept>'\nto read about a specific subcommand or concept.\nSee 'git help git' for an overview of the system.\n""
[0m17:15:52.485368 [debug] [MainThread]: STDERR: "b''"
[0m17:15:52.486358 [info ] [MainThread]:  - git [[32mOK found[0m]

[0m17:15:52.486358 [info ] [MainThread]: Connection test skipped since no profile was found
[0m17:15:52.487331 [info ] [MainThread]: [31m2 checks failed:[0m
[0m17:15:52.488338 [info ] [MainThread]: Could not load dbt_project.yml
Profile loading failed for the following reason:
Runtime Error
  Credentials in profile "dbtlearn", target "dev" invalid: Runtime Error
    Could not find adapter type snowflake!


[0m17:15:52.489330 [info ] [MainThread]: Project loading failed for the following reason:
 project path <C:\Users\gandj\OneDrive\Desktop\Case_Study\Football\Transfers\Transfer_Target_Model\dbt_stats\dbt_project.yml> not found

[0m17:15:52.491332 [debug] [MainThread]: Command `dbt debug` failed at 17:15:52.491332 after 0.26 seconds
[0m17:15:52.492331 [debug] [MainThread]: Sending event: {'category': 'dbt', 'action': 'invocation', 'label': 'end', 'context': [<snowplow_tracker.self_describing_json.SelfDescribingJson object at 0x0000029EBBE8C110>, <snowplow_tracker.self_describing_json.SelfDescribingJson object at 0x0000029EBBE8C0D0>, <snowplow_tracker.self_describing_json.SelfDescribingJson object at 0x0000029EC0E384D0>]}
[0m17:15:52.492331 [debug] [MainThread]: Flushing usage events
[0m17:15:52.975669 [debug] [MainThread]: An error was encountered while trying to flush usage events
[0m17:21:17.720196 [debug] [MainThread]: Sending event: {'category': 'dbt', 'action': 'invocation', 'label': 'start', 'context': [<snowplow_tracker.self_describing_json.SelfDescribingJson object at 0x00000249ABCF0390>, <snowplow_tracker.self_describing_json.SelfDescribingJson object at 0x00000249ABC162D0>, <snowplow_tracker.self_describing_json.SelfDescribingJson object at 0x00000249ABD25650>]}


============================== 17:21:17.724189 | 8ba8895c-2fc5-4fa6-865e-983d5d7a636c ==============================
[0m17:21:17.724189 [info ] [MainThread]: Running with dbt=1.10.9
[0m17:21:17.725189 [debug] [MainThread]: running dbt with arguments {'partial_parse': 'True', 'profiles_dir': 'C:\\Users\\gandj\\.dbt', 'send_anonymous_usage_stats': 'True', 'use_colors': 'True', 'cache_selected_only': 'False', 'target_path': 'None', 'warn_error': 'None', 'invocation_command': 'dbt debug', 'log_format': 'default', 'version_check': 'True', 'introspect': 'True', 'debug': 'False', 'log_cache_events': 'False', 'fail_fast': 'False', 'no_print': 'None', 'empty': 'None', 'printer_width': '80', 'use_experimental_parser': 'False', 'quiet': 'False', 'indirect_selection': 'eager', 'log_path': 'logs', 'write_json': 'True', 'warn_error_options': 'WarnErrorOptionsV2(error=[], warn=[], silence=[])', 'static_parser': 'True'}
[0m17:21:17.739189 [info ] [MainThread]: dbt version: 1.10.9
[0m17:21:17.740187 [info ] [MainThread]: python version: 3.11.9
[0m17:21:17.741185 [info ] [MainThread]: python path: C:\Users\gandj\OneDrive\Desktop\Case_Study\Football\Transfers\Transfer_Target_Model\venv\Scripts\python.exe
[0m17:21:17.742188 [info ] [MainThread]: os info: Windows-10-10.0.26100-SP0
[0m17:21:24.973827 [info ] [MainThread]: Using profiles dir at C:\Users\gandj\.dbt
[0m17:21:24.974825 [info ] [MainThread]: Using profiles.yml file at C:\Users\gandj\.dbt\profiles.yml
[0m17:21:24.975824 [info ] [MainThread]: Using dbt_project.yml file at C:\Users\gandj\OneDrive\Desktop\Case_Study\Football\Transfers\Transfer_Target_Model\dbt_stats\dbt_project.yml
[0m17:21:24.976823 [error] [MainThread]: Encountered an error:
Internal Error
  Profile should not be None if loading profile completed
[0m17:21:24.978825 [debug] [MainThread]: Command `dbt debug` failed at 17:21:24.977827 after 7.35 seconds
[0m17:21:24.978825 [debug] [MainThread]: Sending event: {'category': 'dbt', 'action': 'invocation', 'label': 'end', 'context': [<snowplow_tracker.self_describing_json.SelfDescribingJson object at 0x00000249ABD6A350>, <snowplow_tracker.self_describing_json.SelfDescribingJson object at 0x00000249C4A66650>, <snowplow_tracker.self_describing_json.SelfDescribingJson object at 0x00000249ABD24290>]}
[0m17:21:24.979824 [debug] [MainThread]: Flushing usage events
[0m17:21:25.487508 [debug] [MainThread]: An error was encountered while trying to flush usage events
[0m17:25:23.418353 [debug] [MainThread]: Sending event: {'category': 'dbt', 'action': 'invocation', 'label': 'start', 'context': [<snowplow_tracker.self_describing_json.SelfDescribingJson object at 0x00000178986F1710>, <snowplow_tracker.self_describing_json.SelfDescribingJson object at 0x00000178986E6B50>, <snowplow_tracker.self_describing_json.SelfDescribingJson object at 0x00000178986F0CD0>]}


============================== 17:25:23.422440 | 743268c3-3a86-4b8f-aadc-4f45965aa7c8 ==============================
[0m17:25:23.422440 [info ] [MainThread]: Running with dbt=1.10.9
[0m17:25:23.423429 [debug] [MainThread]: running dbt with arguments {'partial_parse': 'True', 'write_json': 'True', 'send_anonymous_usage_stats': 'True', 'use_colors': 'True', 'cache_selected_only': 'False', 'target_path': 'None', 'warn_error': 'None', 'invocation_command': 'dbt debug', 'log_format': 'default', 'version_check': 'True', 'introspect': 'True', 'debug': 'False', 'log_cache_events': 'False', 'fail_fast': 'False', 'no_print': 'None', 'use_experimental_parser': 'False', 'printer_width': '80', 'quiet': 'False', 'empty': 'None', 'log_path': 'logs', 'indirect_selection': 'eager', 'profiles_dir': 'C:\\Users\\gandj\\.dbt', 'warn_error_options': 'WarnErrorOptionsV2(error=[], warn=[], silence=[])', 'static_parser': 'True'}
[0m17:25:23.434449 [info ] [MainThread]: dbt version: 1.10.9
[0m17:25:23.435445 [info ] [MainThread]: python version: 3.11.9
[0m17:25:23.436382 [info ] [MainThread]: python path: C:\Users\gandj\OneDrive\Desktop\Case_Study\Football\Transfers\Transfer_Target_Model\venv\Scripts\python.exe
[0m17:25:23.437416 [info ] [MainThread]: os info: Windows-10-10.0.26100-SP0
[0m17:25:23.996590 [info ] [MainThread]: Using profiles dir at C:\Users\gandj\.dbt
[0m17:25:23.997567 [info ] [MainThread]: Using profiles.yml file at C:\Users\gandj\.dbt\profiles.yml
[0m17:25:23.997567 [info ] [MainThread]: Using dbt_project.yml file at C:\Users\gandj\OneDrive\Desktop\Case_Study\Football\Transfers\Transfer_Target_Model\dbt_stats\dbt_project.yml
[0m17:25:23.998558 [error] [MainThread]: Encountered an error:
Internal Error
  Profile should not be None if loading profile completed
[0m17:25:23.999567 [debug] [MainThread]: Command `dbt debug` failed at 17:25:23.999567 after 0.66 seconds
[0m17:25:24.000568 [debug] [MainThread]: Sending event: {'category': 'dbt', 'action': 'invocation', 'label': 'end', 'context': [<snowplow_tracker.self_describing_json.SelfDescribingJson object at 0x00000178986F0CD0>, <snowplow_tracker.self_describing_json.SelfDescribingJson object at 0x00000178986F11D0>, <snowplow_tracker.self_describing_json.SelfDescribingJson object at 0x00000178918C0410>]}
[0m17:25:24.000568 [debug] [MainThread]: Flushing usage events
[0m17:25:24.502271 [debug] [MainThread]: An error was encountered while trying to flush usage events
[0m17:30:48.269557 [debug] [MainThread]: Sending event: {'category': 'dbt', 'action': 'invocation', 'label': 'start', 'context': [<snowplow_tracker.self_describing_json.SelfDescribingJson object at 0x00000224FBDE5190>, <snowplow_tracker.self_describing_json.SelfDescribingJson object at 0x00000224FBDF3150>, <snowplow_tracker.self_describing_json.SelfDescribingJson object at 0x00000224FBDE6310>]}


============================== 17:30:48.272572 | 74bed125-54ac-4321-a952-49950758d018 ==============================
[0m17:30:48.272572 [info ] [MainThread]: Running with dbt=1.10.9
[0m17:30:48.273556 [debug] [MainThread]: running dbt with arguments {'partial_parse': 'True', 'profiles_dir': 'C:\\Users\\gandj\\.dbt', 'send_anonymous_usage_stats': 'True', 'version_check': 'True', 'cache_selected_only': 'False', 'target_path': 'None', 'warn_error': 'None', 'invocation_command': 'dbt debug', 'log_format': 'default', 'use_colors': 'True', 'introspect': 'True', 'debug': 'False', 'log_cache_events': 'False', 'fail_fast': 'False', 'no_print': 'None', 'empty': 'None', 'use_experimental_parser': 'False', 'printer_width': '80', 'quiet': 'False', 'log_path': 'logs', 'indirect_selection': 'eager', 'write_json': 'True', 'warn_error_options': 'WarnErrorOptionsV2(error=[], warn=[], silence=[])', 'static_parser': 'True'}
[0m17:30:48.285572 [info ] [MainThread]: dbt version: 1.10.9
[0m17:30:48.286572 [info ] [MainThread]: python version: 3.11.9
[0m17:30:48.287557 [info ] [MainThread]: python path: C:\Users\gandj\OneDrive\Desktop\Case_Study\Football\Transfers\Transfer_Target_Model\venv\Scripts\python.exe
[0m17:30:48.287557 [info ] [MainThread]: os info: Windows-10-10.0.26100-SP0
[0m17:30:48.289558 [info ] [MainThread]: target not specified in profile 'player_stats', using 'default'
[0m17:30:48.290558 [info ] [MainThread]: Using profiles dir at C:\Users\gandj\.dbt
[0m17:30:48.290558 [info ] [MainThread]: Using profiles.yml file at C:\Users\gandj\.dbt\profiles.yml
[0m17:30:48.291557 [info ] [MainThread]: Using dbt_project.yml file at C:\Users\gandj\OneDrive\Desktop\Case_Study\Football\Transfers\Transfer_Target_Model\dbt_stats\dbt_project.yml
[0m17:30:48.291557 [info ] [MainThread]: Configuration:
[0m17:30:48.292558 [info ] [MainThread]:   profiles.yml file [[31mERROR invalid[0m]
[0m17:30:48.292558 [info ] [MainThread]:   dbt_project.yml file [[31mERROR not found[0m]
[0m17:30:48.293557 [info ] [MainThread]: Required dependencies:
[0m17:30:48.293557 [debug] [MainThread]: Executing "git --help"
[0m17:30:48.327558 [debug] [MainThread]: STDOUT: "b"usage: git [-v | --version] [-h | --help] [-C <path>] [-c <name>=<value>]\n           [--exec-path[=<path>]] [--html-path] [--man-path] [--info-path]\n           [-p | --paginate | -P | --no-pager] [--no-replace-objects] [--no-lazy-fetch]\n           [--no-optional-locks] [--no-advice] [--bare] [--git-dir=<path>]\n           [--work-tree=<path>] [--namespace=<name>] [--config-env=<name>=<envvar>]\n           <command> [<args>]\n\nThese are common Git commands used in various situations:\n\nstart a working area (see also: git help tutorial)\n   clone      Clone a repository into a new directory\n   init       Create an empty Git repository or reinitialize an existing one\n\nwork on the current change (see also: git help everyday)\n   add        Add file contents to the index\n   mv         Move or rename a file, a directory, or a symlink\n   restore    Restore working tree files\n   rm         Remove files from the working tree and from the index\n\nexamine the history and state (see also: git help revisions)\n   bisect     Use binary search to find the commit that introduced a bug\n   diff       Show changes between commits, commit and working tree, etc\n   grep       Print lines matching a pattern\n   log        Show commit logs\n   show       Show various types of objects\n   status     Show the working tree status\n\ngrow, mark and tweak your common history\n   backfill   Download missing objects in a partial clone\n   branch     List, create, or delete branches\n   commit     Record changes to the repository\n   merge      Join two or more development histories together\n   rebase     Reapply commits on top of another base tip\n   reset      Reset current HEAD to the specified state\n   switch     Switch branches\n   tag        Create, list, delete or verify a tag object signed with GPG\n\ncollaborate (see also: git help workflows)\n   fetch      Download objects and refs from another repository\n   pull       Fetch from and integrate with another repository or a local branch\n   push       Update remote refs along with associated objects\n\n'git help -a' and 'git help -g' list available subcommands and some\nconcept guides. See 'git help <command>' or 'git help <concept>'\nto read about a specific subcommand or concept.\nSee 'git help git' for an overview of the system.\n""
[0m17:30:48.327558 [debug] [MainThread]: STDERR: "b''"
[0m17:30:48.328556 [info ] [MainThread]:  - git [[32mOK found[0m]

[0m17:30:48.328556 [info ] [MainThread]: Connection test skipped since no profile was found
[0m17:30:48.329557 [info ] [MainThread]: [31m2 checks failed:[0m
[0m17:30:48.329557 [info ] [MainThread]: Could not load dbt_project.yml
Profile loading failed for the following reason:
Runtime Error
  The profile 'player_stats' does not have a target named 'default'. The valid target names for this profile are:
   - dev


[0m17:30:48.330561 [info ] [MainThread]: Project loading failed for the following reason:
 project path <C:\Users\gandj\OneDrive\Desktop\Case_Study\Football\Transfers\Transfer_Target_Model\dbt_stats\dbt_project.yml> not found

[0m17:30:48.332557 [debug] [MainThread]: Command `dbt debug` failed at 17:30:48.331557 after 0.14 seconds
[0m17:30:48.332557 [debug] [MainThread]: Sending event: {'category': 'dbt', 'action': 'invocation', 'label': 'end', 'context': [<snowplow_tracker.self_describing_json.SelfDescribingJson object at 0x00000224FBE28110>, <snowplow_tracker.self_describing_json.SelfDescribingJson object at 0x00000224FBE28290>, <snowplow_tracker.self_describing_json.SelfDescribingJson object at 0x00000224F4FD0410>]}
[0m17:30:48.333558 [debug] [MainThread]: Flushing usage events
[0m17:30:48.828458 [debug] [MainThread]: An error was encountered while trying to flush usage events
[0m17:33:39.503530 [debug] [MainThread]: Sending event: {'category': 'dbt', 'action': 'invocation', 'label': 'start', 'context': [<snowplow_tracker.self_describing_json.SelfDescribingJson object at 0x00000202E5AE6710>, <snowplow_tracker.self_describing_json.SelfDescribingJson object at 0x00000202E5B4FCD0>, <snowplow_tracker.self_describing_json.SelfDescribingJson object at 0x00000202E5B4CC50>]}


============================== 17:33:39.507031 | 2ad5be29-a23c-4327-8737-9dd26ee768dd ==============================
[0m17:33:39.507031 [info ] [MainThread]: Running with dbt=1.10.9
[0m17:33:39.508096 [debug] [MainThread]: running dbt with arguments {'partial_parse': 'True', 'warn_error_options': 'WarnErrorOptionsV2(error=[], warn=[], silence=[])', 'send_anonymous_usage_stats': 'True', 'warn_error': 'None', 'cache_selected_only': 'False', 'target_path': 'None', 'version_check': 'True', 'invocation_command': 'dbt debug', 'log_format': 'default', 'use_colors': 'True', 'introspect': 'True', 'debug': 'False', 'log_cache_events': 'False', 'fail_fast': 'False', 'no_print': 'None', 'use_experimental_parser': 'False', 'empty': 'None', 'quiet': 'False', 'printer_width': '80', 'indirect_selection': 'eager', 'log_path': 'logs', 'profiles_dir': 'C:\\Users\\gandj\\.dbt', 'static_parser': 'True', 'write_json': 'True'}
[0m17:33:39.521806 [info ] [MainThread]: dbt version: 1.10.9
[0m17:33:39.523118 [info ] [MainThread]: python version: 3.11.9
[0m17:33:39.524244 [info ] [MainThread]: python path: C:\Users\gandj\OneDrive\Desktop\Case_Study\Football\Transfers\Transfer_Target_Model\venv\Scripts\python.exe
[0m17:33:39.524775 [info ] [MainThread]: os info: Windows-10-10.0.26100-SP0
[0m17:33:39.586854 [info ] [MainThread]: Using profiles dir at C:\Users\gandj\.dbt
[0m17:33:39.587851 [info ] [MainThread]: Using profiles.yml file at C:\Users\gandj\.dbt\profiles.yml
[0m17:33:39.588851 [info ] [MainThread]: Using dbt_project.yml file at C:\Users\gandj\OneDrive\Desktop\Case_Study\Football\Transfers\Transfer_Target_Model\dbt_stats\dbt_project.yml
[0m17:33:39.591458 [info ] [MainThread]: adapter type: duckdb
[0m17:33:39.592456 [info ] [MainThread]: adapter version: 1.9.4
[0m17:33:39.593456 [info ] [MainThread]: Configuration:
[0m17:33:39.593456 [info ] [MainThread]:   profiles.yml file [[32mOK found and valid[0m]
[0m17:33:39.594455 [info ] [MainThread]:   dbt_project.yml file [[31mERROR not found[0m]
[0m17:33:39.594455 [info ] [MainThread]: Required dependencies:
[0m17:33:39.595455 [debug] [MainThread]: Executing "git --help"
[0m17:33:39.630011 [debug] [MainThread]: STDOUT: "b"usage: git [-v | --version] [-h | --help] [-C <path>] [-c <name>=<value>]\n           [--exec-path[=<path>]] [--html-path] [--man-path] [--info-path]\n           [-p | --paginate | -P | --no-pager] [--no-replace-objects] [--no-lazy-fetch]\n           [--no-optional-locks] [--no-advice] [--bare] [--git-dir=<path>]\n           [--work-tree=<path>] [--namespace=<name>] [--config-env=<name>=<envvar>]\n           <command> [<args>]\n\nThese are common Git commands used in various situations:\n\nstart a working area (see also: git help tutorial)\n   clone      Clone a repository into a new directory\n   init       Create an empty Git repository or reinitialize an existing one\n\nwork on the current change (see also: git help everyday)\n   add        Add file contents to the index\n   mv         Move or rename a file, a directory, or a symlink\n   restore    Restore working tree files\n   rm         Remove files from the working tree and from the index\n\nexamine the history and state (see also: git help revisions)\n   bisect     Use binary search to find the commit that introduced a bug\n   diff       Show changes between commits, commit and working tree, etc\n   grep       Print lines matching a pattern\n   log        Show commit logs\n   show       Show various types of objects\n   status     Show the working tree status\n\ngrow, mark and tweak your common history\n   backfill   Download missing objects in a partial clone\n   branch     List, create, or delete branches\n   commit     Record changes to the repository\n   merge      Join two or more development histories together\n   rebase     Reapply commits on top of another base tip\n   reset      Reset current HEAD to the specified state\n   switch     Switch branches\n   tag        Create, list, delete or verify a tag object signed with GPG\n\ncollaborate (see also: git help workflows)\n   fetch      Download objects and refs from another repository\n   pull       Fetch from and integrate with another repository or a local branch\n   push       Update remote refs along with associated objects\n\n'git help -a' and 'git help -g' list available subcommands and some\nconcept guides. See 'git help <command>' or 'git help <concept>'\nto read about a specific subcommand or concept.\nSee 'git help git' for an overview of the system.\n""
[0m17:33:39.630011 [debug] [MainThread]: STDERR: "b''"
[0m17:33:39.631263 [info ] [MainThread]:  - git [[32mOK found[0m]

[0m17:33:39.632272 [info ] [MainThread]: Connection:
[0m17:33:39.633273 [info ] [MainThread]:   database: player_stats
[0m17:33:39.634274 [info ] [MainThread]:   schema: analytics
[0m17:33:39.635269 [info ] [MainThread]:   path: C:/Users/gandj/OneDrive/Desktop/Case_Study/Football/Transfers/Transfer_Target_Model/dbt_stats/player_stats.duckdb
[0m17:33:39.636273 [info ] [MainThread]:   config_options: None
[0m17:33:39.637272 [info ] [MainThread]:   extensions: None
[0m17:33:39.638270 [info ] [MainThread]:   settings: {}
[0m17:33:39.638270 [info ] [MainThread]:   external_root: .
[0m17:33:39.638270 [info ] [MainThread]:   use_credential_provider: None
[0m17:33:39.640284 [info ] [MainThread]:   attach: None
[0m17:33:39.641283 [info ] [MainThread]:   filesystems: None
[0m17:33:39.641283 [info ] [MainThread]:   remote: None
[0m17:33:39.642282 [info ] [MainThread]:   plugins: None
[0m17:33:39.643281 [info ] [MainThread]:   disable_transactions: False
[0m17:33:39.643281 [info ] [MainThread]: Registered adapter: duckdb=1.9.4
[0m17:33:39.838738 [debug] [MainThread]: Acquiring new duckdb connection 'debug'
[0m17:33:39.929639 [debug] [MainThread]: Using duckdb connection "debug"
[0m17:33:39.930653 [debug] [MainThread]: On debug: select 1 as id
[0m17:33:39.930653 [debug] [MainThread]: Opening a new connection, currently in state init
[0m17:33:39.950650 [debug] [MainThread]: SQL status: OK in 0.020 seconds
[0m17:33:39.951656 [debug] [MainThread]: On debug: Close
[0m17:33:39.951656 [info ] [MainThread]:   Connection test: [[32mOK connection ok[0m]

[0m17:33:39.952641 [info ] [MainThread]: [31m1 check failed:[0m
[0m17:33:39.952641 [info ] [MainThread]: Project loading failed for the following reason:
 project path <C:\Users\gandj\OneDrive\Desktop\Case_Study\Football\Transfers\Transfer_Target_Model\dbt_stats\dbt_project.yml> not found

[0m17:33:39.953640 [debug] [MainThread]: Command `dbt debug` failed at 17:33:39.953640 after 0.53 seconds
[0m17:33:39.954641 [debug] [MainThread]: Connection 'debug' was properly closed.
[0m17:33:39.954641 [debug] [MainThread]: Sending event: {'category': 'dbt', 'action': 'invocation', 'label': 'end', 'context': [<snowplow_tracker.self_describing_json.SelfDescribingJson object at 0x00000202E5C01610>, <snowplow_tracker.self_describing_json.SelfDescribingJson object at 0x00000202E5BF9F90>, <snowplow_tracker.self_describing_json.SelfDescribingJson object at 0x00000202E5C2A6D0>]}
[0m17:33:39.954641 [debug] [MainThread]: Flushing usage events
[0m17:33:40.441862 [debug] [MainThread]: An error was encountered while trying to flush usage events
